Performing C SOURCE FILE Test C_SUPPORTS_STD_GNU18 failed with the following output:
Change Dir: /home/luyaohan1001/Projects/stm32f401-projects/swd-debugger/stlink-1.7.0/CMakeFiles/CMakeTmp

Run Build Command(s):/usr/bin/make -f Makefile cmTC_24295/fast && /usr/bin/make  -f CMakeFiles/cmTC_24295.dir/build.make CMakeFiles/cmTC_24295.dir/build
make[1]: Entering directory '/home/luyaohan1001/Projects/stm32f401-projects/swd-debugger/stlink-1.7.0/CMakeFiles/CMakeTmp'
Building C object CMakeFiles/cmTC_24295.dir/src.c.o
/usr/bin/cc -DC_SUPPORTS_STD_GNU18  -std=gnu11    -std=gnu18 -o CMakeFiles/cmTC_24295.dir/src.c.o -c /home/luyaohan1001/Projects/stm32f401-projects/swd-debugger/stlink-1.7.0/CMakeFiles/CMakeTmp/src.c
cc: error: unrecognized command line option '-std=gnu18'; did you mean '-std=gnu11'?
CMakeFiles/cmTC_24295.dir/build.make:77: recipe for target 'CMakeFiles/cmTC_24295.dir/src.c.o' failed
make[1]: *** [CMakeFiles/cmTC_24295.dir/src.c.o] Error 1
make[1]: Leaving directory '/home/luyaohan1001/Projects/stm32f401-projects/swd-debugger/stlink-1.7.0/CMakeFiles/CMakeTmp'
Makefile:127: recipe for target 'cmTC_24295/fast' failed
make: *** [cmTC_24295/fast] Error 2


Source file was:
int main(void) { return 0; }
Performing C SOURCE FILE Test C_SUPPORTS_WMISSING_VARIABLE_DECLARATIONS failed with the following output:
Change Dir: /home/luyaohan1001/Projects/stm32f401-projects/swd-debugger/stlink-1.7.0/CMakeFiles/CMakeTmp

Run Build Command(s):/usr/bin/make -f Makefile cmTC_546fe/fast && /usr/bin/make  -f CMakeFiles/cmTC_546fe.dir/build.make CMakeFiles/cmTC_546fe.dir/build
make[1]: Entering directory '/home/luyaohan1001/Projects/stm32f401-projects/swd-debugger/stlink-1.7.0/CMakeFiles/CMakeTmp'
Building C object CMakeFiles/cmTC_546fe.dir/src.c.o
/usr/bin/cc -DC_SUPPORTS_WMISSING_VARIABLE_DECLARATIONS  -std=gnu11 -Wall -Wextra -Wshadow -D_FORTIFY_SOURCE=2 -fstrict-aliasing -Wundef -Wformat -Wformat-security -Wmaybe-uninitialized    -Wmissing-variable-declarations -o CMakeFiles/cmTC_546fe.dir/src.c.o -c /home/luyaohan1001/Projects/stm32f401-projects/swd-debugger/stlink-1.7.0/CMakeFiles/CMakeTmp/src.c
cc: error: unrecognized command line option '-Wmissing-variable-declarations'; did you mean '-Wmissing-declarations'?
CMakeFiles/cmTC_546fe.dir/build.make:77: recipe for target 'CMakeFiles/cmTC_546fe.dir/src.c.o' failed
make[1]: *** [CMakeFiles/cmTC_546fe.dir/src.c.o] Error 1
make[1]: Leaving directory '/home/luyaohan1001/Projects/stm32f401-projects/swd-debugger/stlink-1.7.0/CMakeFiles/CMakeTmp'
Makefile:127: recipe for target 'cmTC_546fe/fast' failed
make: *** [cmTC_546fe/fast] Error 2


Source file was:
int main(void) { return 0; }
Performing C SOURCE FILE Test C_SUPPORTS_WSHORTEN_64_TO_32 failed with the following output:
Change Dir: /home/luyaohan1001/Projects/stm32f401-projects/swd-debugger/stlink-1.7.0/CMakeFiles/CMakeTmp

Run Build Command(s):/usr/bin/make -f Makefile cmTC_74057/fast && /usr/bin/make  -f CMakeFiles/cmTC_74057.dir/build.make CMakeFiles/cmTC_74057.dir/build
make[1]: Entering directory '/home/luyaohan1001/Projects/stm32f401-projects/swd-debugger/stlink-1.7.0/CMakeFiles/CMakeTmp'
Building C object CMakeFiles/cmTC_74057.dir/src.c.o
/usr/bin/cc -DC_SUPPORTS_WSHORTEN_64_TO_32  -std=gnu11 -Wall -Wextra -Wshadow -D_FORTIFY_SOURCE=2 -fstrict-aliasing -Wundef -Wformat -Wformat-security -Wmaybe-uninitialized    -Wshorten-64-to-32 -o CMakeFiles/cmTC_74057.dir/src.c.o -c /home/luyaohan1001/Projects/stm32f401-projects/swd-debugger/stlink-1.7.0/CMakeFiles/CMakeTmp/src.c
cc: error: unrecognized command line option '-Wshorten-64-to-32'
CMakeFiles/cmTC_74057.dir/build.make:77: recipe for target 'CMakeFiles/cmTC_74057.dir/src.c.o' failed
make[1]: *** [CMakeFiles/cmTC_74057.dir/src.c.o] Error 1
make[1]: Leaving directory '/home/luyaohan1001/Projects/stm32f401-projects/swd-debugger/stlink-1.7.0/CMakeFiles/CMakeTmp'
Makefile:127: recipe for target 'cmTC_74057/fast' failed
make: *** [cmTC_74057/fast] Error 2


Source file was:
int main(void) { return 0; }
Determining if the function __stack_chk_fail exists in the ssp failed with the following output:
Change Dir: /home/luyaohan1001/Projects/stm32f401-projects/swd-debugger/stlink-1.7.0/CMakeFiles/CMakeTmp

Run Build Command(s):/usr/bin/make -f Makefile cmTC_c9f3c/fast && /usr/bin/make  -f CMakeFiles/cmTC_c9f3c.dir/build.make CMakeFiles/cmTC_c9f3c.dir/build
make[1]: Entering directory '/home/luyaohan1001/Projects/stm32f401-projects/swd-debugger/stlink-1.7.0/CMakeFiles/CMakeTmp'
Building C object CMakeFiles/cmTC_c9f3c.dir/CheckFunctionExists.c.o
/usr/bin/cc   -std=gnu11 -Wall -Wextra -Wshadow -D_FORTIFY_SOURCE=2 -fstrict-aliasing -Wundef -Wformat -Wformat-security -Wmaybe-uninitialized -Wimplicit-function-declaration -Wredundant-decls -fPIC -O2 -Werror -DCHECK_FUNCTION_EXISTS=__stack_chk_fail -o CMakeFiles/cmTC_c9f3c.dir/CheckFunctionExists.c.o -c /usr/share/cmake-3.20/Modules/CheckFunctionExists.c
Linking C executable cmTC_c9f3c
/usr/bin/cmake -E cmake_link_script CMakeFiles/cmTC_c9f3c.dir/link.txt --verbose=1
/usr/bin/cc  -std=gnu11 -Wall -Wextra -Wshadow -D_FORTIFY_SOURCE=2 -fstrict-aliasing -Wundef -Wformat -Wformat-security -Wmaybe-uninitialized -Wimplicit-function-declaration -Wredundant-decls -fPIC -O2 -Werror -DCHECK_FUNCTION_EXISTS=__stack_chk_fail CMakeFiles/cmTC_c9f3c.dir/CheckFunctionExists.c.o -o cmTC_c9f3c  -lssp 
/usr/bin/ld: cannot find -lssp
collect2: error: ld returned 1 exit status
CMakeFiles/cmTC_c9f3c.dir/build.make:98: recipe for target 'cmTC_c9f3c' failed
make[1]: *** [cmTC_c9f3c] Error 1
make[1]: Leaving directory '/home/luyaohan1001/Projects/stm32f401-projects/swd-debugger/stlink-1.7.0/CMakeFiles/CMakeTmp'
Makefile:127: recipe for target 'cmTC_c9f3c/fast' failed
make: *** [cmTC_c9f3c/fast] Error 2



